<?xml version="1.0" encoding="UTF-8"?>
<!-- Generated by org.testng.reporters.JUnitXMLReporter -->
<testsuite ignored="4" hostname="ip-172-31-25-243" failures="0" tests="2" name="Test" time="0.042" errors="0" timestamp="20 Jul 2024 16:27:24 GMT">
  <testcase classname="testng.OneTCExample" name="TestCase_00" time="0.011"/>
  <testcase classname="testng.MultipleTCExample" name="TC03" time="0.002"/>
  <testcase classname="testng.BaseClass" name="@BeforeTest method3" time="0.0">
    <ignored/>
  </testcase> <!-- @BeforeTest method3 -->
  <testcase classname="testng.MultipleTCExample" name="TC02" time="0.0">
    <ignored/>
  </testcase> <!-- TC02 -->
  <testcase classname="testng.BaseClass" name="@AfterTest method4" time="0.0">
    <ignored/>
  </testcase> <!-- @AfterTest method4 -->
  <testcase classname="testng.MultipleTCExample" name="TC01" time="0.0">
    <ignored/>
  </testcase> <!-- TC01 -->
</testsuite> <!-- Test -->
