<?xml version="1.0" encoding="UTF-8"?>
<testng-results ignored="4" total="6" passed="2" failed="0" skipped="0">
  <reporter-output>
  </reporter-output>
  <suite started-at="2024-07-20T16:27:23Z" name="Suite" finished-at="2024-07-20T16:27:23Z" duration-ms="42">
    <groups>
      <group name="regression">
        <method signature="MultipleTCExample.TC03()[pri:0, instance:testng.MultipleTCExample@479460a6]" name="TC03" class="testng.MultipleTCExample"/>
        <method signature="OneTCExample.TestCase_00()[pri:0, instance:testng.OneTCExample@54504ecd]" name="TestCase_00" class="testng.OneTCExample"/>
      </group> <!-- regression -->
    </groups>
    <test started-at="2024-07-20T16:27:23Z" name="Test" finished-at="2024-07-20T16:27:23Z" duration-ms="42">
      <class name="testng.OneTCExample">
        <test-method is-config="true" signature="method3()[pri:0, instance:testng.OneTCExample@54504ecd]" started-at="2024-07-20T16:27:23Z" name="method3" finished-at="2024-07-20T16:27:23Z" duration-ms="11" status="PASS">
          <reporter-output>
          </reporter-output>
        </test-method> <!-- method3 -->
        <test-method signature="TestCase_00()[pri:0, instance:testng.OneTCExample@54504ecd]" started-at="2024-07-20T16:27:23Z" name="TestCase_00" finished-at="2024-07-20T16:27:23Z" duration-ms="11" status="PASS">
          <reporter-output>
          </reporter-output>
        </test-method> <!-- TestCase_00 -->
        <test-method is-config="true" signature="method1()[pri:0, instance:testng.OneTCExample@54504ecd]" started-at="2024-07-20T16:27:23Z" name="method1" finished-at="2024-07-20T16:27:23Z" duration-ms="0" status="PASS">
          <reporter-output>
          </reporter-output>
        </test-method> <!-- method1 -->
        <test-method is-config="true" signature="method2()[pri:0, instance:testng.OneTCExample@54504ecd]" started-at="2024-07-20T16:27:23Z" name="method2" finished-at="2024-07-20T16:27:23Z" duration-ms="0" status="PASS">
          <reporter-output>
          </reporter-output>
        </test-method> <!-- method2 -->
        <test-method is-config="true" signature="method4()[pri:0, instance:testng.OneTCExample@54504ecd]" started-at="2024-07-20T16:27:23Z" name="method4" finished-at="2024-07-20T16:27:23Z" duration-ms="0" status="PASS">
          <reporter-output>
          </reporter-output>
        </test-method> <!-- method4 -->
      </class> <!-- testng.OneTCExample -->
      <class name="testng.MultipleTCExample">
        <test-method signature="TC03()[pri:0, instance:testng.MultipleTCExample@479460a6]" started-at="2024-07-20T16:27:23Z" name="TC03" finished-at="2024-07-20T16:27:23Z" duration-ms="2" status="PASS">
          <reporter-output>
          </reporter-output>
        </test-method> <!-- TC03 -->
        <test-method is-config="true" signature="method1()[pri:0, instance:testng.MultipleTCExample@479460a6]" started-at="2024-07-20T16:27:23Z" name="method1" finished-at="2024-07-20T16:27:23Z" duration-ms="0" status="PASS">
          <reporter-output>
          </reporter-output>
        </test-method> <!-- method1 -->
        <test-method is-config="true" signature="method2()[pri:0, instance:testng.MultipleTCExample@479460a6]" started-at="2024-07-20T16:27:23Z" name="method2" finished-at="2024-07-20T16:27:23Z" duration-ms="0" status="PASS">
          <reporter-output>
          </reporter-output>
        </test-method> <!-- method2 -->
      </class> <!-- testng.MultipleTCExample -->
    </test> <!-- Test -->
  </suite> <!-- Suite -->
</testng-results>
